<?xml version="1.0" encoding="UTF-8"?>
<testng-results skipped="0" failed="0" ignored="0" total="1" passed="1">
  <reporter-output>
  </reporter-output>
  <suite name="Default suite" duration-ms="4993" started-at="2018-09-16T10:44:13Z" finished-at="2018-09-16T10:44:18Z">
    <groups>
    </groups>
    <test name="Default test" duration-ms="4993" started-at="2018-09-16T10:44:13Z" finished-at="2018-09-16T10:44:18Z">
      <class name="com.qa.tests.PostAPITest">
        <test-method status="PASS" signature="setUp()[pri:0, instance:com.qa.tests.PostAPITest@2ef5e5e3]" name="setUp" is-config="true" duration-ms="8" started-at="2018-09-16T16:14:13Z" finished-at="2018-09-16T16:14:13Z">
          <reporter-output>
          </reporter-output>
        </test-method> <!-- setUp -->
        <test-method status="PASS" signature="postAPITest()[pri:0, instance:com.qa.tests.PostAPITest@2ef5e5e3]" name="postAPITest" duration-ms="4953" started-at="2018-09-16T16:14:13Z" finished-at="2018-09-16T16:14:18Z">
          <reporter-output>
          </reporter-output>
        </test-method> <!-- postAPITest -->
      </class> <!-- com.qa.tests.PostAPITest -->
    </test> <!-- Default test -->
  </suite> <!-- Default suite -->
</testng-results>
